<?xml version="1.0" encoding="UTF-8"?>
<!-- Generated by org.testng.reporters.JUnitReportReporter -->
<testsuite skipped="5" hostname="Sowbhas-iMac.local" name="com.wordpress.test.HomepageTest" tests="6" failures="0" timestamp="27 May 2019 04:52:58 GMT" time="0.151" errors="1">
  <testcase name="validatecustomizeTest" time="0.000" classname="com.wordpress.test.HomepageTest">
    <skipped/>
  </testcase> <!-- validatecustomizeTest -->
  <testcase name="validatefirstenrtyTest" time="0.000" classname="com.wordpress.test.HomepageTest">
    <skipped/>
  </testcase> <!-- validatefirstenrtyTest -->
  <testcase name="validatecreatepageTest" time="0.000" classname="com.wordpress.test.HomepageTest">
    <skipped/>
  </testcase> <!-- validatecreatepageTest -->
  <testcase name="setUp" time="0.151" classname="com.wordpress.test.HomepageTest">
    <error type="java.lang.NoClassDefFoundError" message="org/apache/commons/codec/DecoderException">
      <![CDATA[java.lang.NoClassDefFoundError: org/apache/commons/codec/DecoderException
at org.openqa.selenium.htmlunit.HtmlUnitDriver.newWebClient(HtmlUnitDriver.java:490)
at org.openqa.selenium.htmlunit.HtmlUnitDriver.createWebClient(HtmlUnitDriver.java:371)
at org.openqa.selenium.htmlunit.HtmlUnitDriver.<init>(HtmlUnitDriver.java:221)
at com.wordpress.base.TestBase.intilization(TestBase.java:51)
at com.wordpress.test.HomepageTest.setUp(HomepageTest.java:31)
at sun.reflect.NativeMethodAccessorImpl.invoke0(Native Method)
at sun.reflect.NativeMethodAccessorImpl.invoke(NativeMethodAccessorImpl.java:62)
at sun.reflect.DelegatingMethodAccessorImpl.invoke(DelegatingMethodAccessorImpl.java:43)
at java.lang.reflect.Method.invoke(Method.java:498)
at org.testng.internal.MethodInvocationHelper.invokeMethod(MethodInvocationHelper.java:124)
at org.testng.internal.MethodInvocationHelper.invokeMethodConsideringTimeout(MethodInvocationHelper.java:59)
at org.testng.internal.Invoker.invokeConfigurationMethod(Invoker.java:458)
at org.testng.internal.Invoker.invokeConfigurations(Invoker.java:222)
at org.testng.internal.Invoker.invokeMethod(Invoker.java:523)
at org.testng.internal.Invoker.invokeTestMethod(Invoker.java:719)
at org.testng.internal.Invoker.invokeTestMethods(Invoker.java:989)
at org.testng.internal.TestMethodWorker.invokeTestMethods(TestMethodWorker.java:125)
at org.testng.internal.TestMethodWorker.run(TestMethodWorker.java:109)
at org.testng.TestRunner.privateRun(TestRunner.java:648)
at org.testng.TestRunner.run(TestRunner.java:505)
at org.testng.SuiteRunner.runTest(SuiteRunner.java:455)
at org.testng.SuiteRunner.runSequentially(SuiteRunner.java:450)
at org.testng.SuiteRunner.privateRun(SuiteRunner.java:415)
at org.testng.SuiteRunner.run(SuiteRunner.java:364)
at org.testng.SuiteRunnerWorker.runSuite(SuiteRunnerWorker.java:52)
at org.testng.SuiteRunnerWorker.run(SuiteRunnerWorker.java:84)
at org.testng.TestNG.runSuitesSequentially(TestNG.java:1208)
at org.testng.TestNG.runSuitesLocally(TestNG.java:1137)
at org.testng.TestNG.runSuites(TestNG.java:1049)
at org.testng.TestNG.run(TestNG.java:1017)
at org.testng.remote.AbstractRemoteTestNG.run(AbstractRemoteTestNG.java:115)
at org.testng.remote.RemoteTestNG.initAndRun(RemoteTestNG.java:251)
at org.testng.remote.RemoteTestNG.main(RemoteTestNG.java:77)
Caused by: java.lang.ClassNotFoundException: org.apache.commons.codec.DecoderException
at java.net.URLClassLoader.findClass(URLClassLoader.java:382)
at java.lang.ClassLoader.loadClass(ClassLoader.java:424)
at sun.misc.Launcher$AppClassLoader.loadClass(Launcher.java:349)
at java.lang.ClassLoader.loadClass(ClassLoader.java:357)
... 33 more
]]>
    </error>
  </testcase> <!-- setUp -->
  <testcase name="validatepostTest" time="0.000" classname="com.wordpress.test.HomepageTest">
    <skipped/>
  </testcase> <!-- validatepostTest -->
  <testcase name="validatecommentsTest" time="0.000" classname="com.wordpress.test.HomepageTest">
    <skipped/>
  </testcase> <!-- validatecommentsTest -->
</testsuite> <!-- com.wordpress.test.HomepageTest -->
